[2026-06-02 21:16:12,426: INFO: networksecurity: exception: this is a test]
[2026-06-02 21:17:46,346: INFO: networksecurity: exception: this is a test]
[2026-06-02 21:17:46,346: ERROR: networksecurity: exception: Error occured in python script name [D:\Projects\RAG_Systems\NetworkSecurity\networksecurity\exceptions\exception.py] line number [27] error message [division by zero]]
[2026-06-05 18:41:53,237: INFO: networksecurity: 494891127: initiate the data ingestion]
[2026-06-05 18:42:39,569: INFO: networksecurity: 3470900752: initiate the data ingestion]
[2026-06-05 18:56:01,423: INFO: networksecurity: 3850222068: Initiating the data ingestion process]
[2026-06-05 18:56:01,426: INFO: networksecurity: data_ingestion: Initiating Data Ingestion component]
[2026-06-05 18:56:01,427: INFO: networksecurity: data_ingestion: Extracting data from SQLite database]
[2026-06-05 18:56:01,931: INFO: networksecurity: data_ingestion: Data shape from DB: (10000, 50)]
[2026-06-05 18:56:01,931: INFO: networksecurity: data_ingestion: Saving raw data to: artifacts\06_05_2026_18_56_01\data_ingestion\feature_store\Phishing_Legitimate_full.csv]
[2026-06-05 18:56:02,232: INFO: networksecurity: data_ingestion: performed train test split on dataframe]
[2026-06-05 18:56:02,232: INFO: networksecurity: data_ingestion: Exporting train and test file path]
[2026-06-05 23:18:44,729: INFO: networksecurity: 3850222068: Initiating the data ingestion process]
[2026-06-05 23:18:44,729: INFO: networksecurity: data_ingestion: Initiating Data Ingestion component]
[2026-06-05 23:18:44,733: INFO: networksecurity: data_ingestion: Extracting data from SQLite database]
[2026-06-05 23:18:45,276: INFO: networksecurity: data_ingestion: Data shape from DB: (10000, 50)]
[2026-06-05 23:18:45,276: INFO: networksecurity: data_ingestion: Saving raw data to: artifacts\06_05_2026_23_18_44\data_ingestion\feature_store\Phishing_Legitimate_full.csv]
[2026-06-05 23:18:45,501: INFO: networksecurity: data_ingestion: performed train test split on dataframe]
[2026-06-05 23:18:45,503: INFO: networksecurity: data_ingestion: Exporting train and test file path]
[2026-06-06 10:15:44,931: INFO: networksecurity: 3850222068: Initiating the data ingestion process]
[2026-06-06 10:15:44,971: INFO: networksecurity: data_ingestion: Initiating Data Ingestion component]
[2026-06-06 10:15:44,983: INFO: networksecurity: data_ingestion: Extracting data from SQLite database]
[2026-06-06 10:15:46,274: INFO: networksecurity: data_ingestion: Data shape from DB: (10000, 50)]
[2026-06-06 10:15:46,294: INFO: networksecurity: data_ingestion: Saving raw data to: artifacts\06_06_2026_10_15_44\data_ingestion\feature_store\Phishing_Legitimate_full.csv]
[2026-06-06 10:15:46,884: INFO: networksecurity: data_ingestion: performed train test split on dataframe]
[2026-06-06 10:15:46,887: INFO: networksecurity: data_ingestion: Exporting train and test file path]
[2026-06-06 10:20:10,636: INFO: networksecurity: 3850222068: Initiating the data ingestion process]
[2026-06-06 10:20:10,638: INFO: networksecurity: data_ingestion: Initiating Data Ingestion component]
[2026-06-06 10:20:10,639: INFO: networksecurity: data_ingestion: Extracting data from SQLite database]
[2026-06-06 10:20:11,022: INFO: networksecurity: data_ingestion: Data shape from DB: (10000, 50)]
[2026-06-06 10:20:11,027: INFO: networksecurity: data_ingestion: Saving raw data to: artifacts\06_06_2026_10_20_10\data_ingestion\feature_store\Phishing_Legitimate_full.csv]
[2026-06-06 10:20:11,193: INFO: networksecurity: data_ingestion: performed train test split on dataframe]
[2026-06-06 10:20:11,213: INFO: networksecurity: data_ingestion: Exporting train and test file path]
[2026-06-06 10:21:56,740: INFO: networksecurity: 3850222068: Initiating the data ingestion process]
[2026-06-06 10:21:56,742: INFO: networksecurity: data_ingestion: Initiating Data Ingestion component]
[2026-06-06 10:21:56,744: INFO: networksecurity: data_ingestion: Extracting data from SQLite database]
[2026-06-06 10:21:57,259: INFO: networksecurity: data_ingestion: Data shape from DB: (10000, 50)]
[2026-06-06 10:21:57,283: INFO: networksecurity: data_ingestion: Saving raw data to: artifacts\06_06_2026_10_21_56\data_ingestion\feature_store\Phishing_Legitimate_full.csv]
[2026-06-06 10:21:57,762: INFO: networksecurity: data_ingestion: performed train test split on dataframe]
[2026-06-06 10:21:57,765: INFO: networksecurity: data_ingestion: Exporting train and test file path]
[2026-06-06 10:22:01,599: INFO: networksecurity: main_utils: YAML file loaded successfully: data_schema\schema.yaml]
[2026-06-06 10:22:01,852: INFO: networksecurity: data_validation: Schema columns count: 49]
[2026-06-06 10:22:01,857: INFO: networksecurity: data_validation: Dataframe columns count: 50]
[2026-06-06 10:22:01,859: WARNING: networksecurity: data_validation: Column count mismatch.]
[2026-06-06 10:22:01,861: INFO: networksecurity: data_validation: Schema columns count: 49]
[2026-06-06 10:22:01,862: INFO: networksecurity: data_validation: Dataframe columns count: 50]
[2026-06-06 10:22:01,864: WARNING: networksecurity: data_validation: Column count mismatch.]
[2026-06-06 10:22:01,866: ERROR: networksecurity: data_validation: Train dataframe does not contain all required columns.
Test dataframe does not contain all required columns.]
[2026-06-06 10:33:07,456: INFO: networksecurity: 3850222068: Initiating the data ingestion process]
[2026-06-06 10:33:07,458: INFO: networksecurity: data_ingestion: Initiating Data Ingestion component]
[2026-06-06 10:33:07,459: INFO: networksecurity: data_ingestion: Extracting data from SQLite database]
[2026-06-06 10:33:07,940: INFO: networksecurity: data_ingestion: Data shape from DB: (10000, 50)]
[2026-06-06 10:33:08,283: INFO: networksecurity: data_ingestion: Saving raw data to: artifacts\06_06_2026_10_33_07\data_ingestion\feature_store\Phishing_Legitimate_full.csv]
[2026-06-06 10:33:08,468: INFO: networksecurity: data_ingestion: performed train test split on dataframe]
[2026-06-06 10:33:08,468: INFO: networksecurity: data_ingestion: Exporting train and test file path]
[2026-06-06 10:33:35,602: INFO: networksecurity: main_utils: YAML file loaded successfully: data_schema\schema.yaml]
[2026-06-06 10:33:35,740: INFO: networksecurity: data_validation: Schema columns count: 49]
[2026-06-06 10:33:35,741: INFO: networksecurity: data_validation: Dataframe columns count: 49]
[2026-06-06 10:33:35,743: INFO: networksecurity: data_validation: Column validation successful.]
[2026-06-06 10:33:35,745: INFO: networksecurity: data_validation: Schema columns count: 49]
[2026-06-06 10:33:35,747: INFO: networksecurity: data_validation: Dataframe columns count: 49]
[2026-06-06 10:33:35,748: INFO: networksecurity: data_validation: Column validation successful.]
[2026-06-06 10:33:36,398: INFO: networksecurity: main_utils: Successfully created YAML file at: artifacts\06_06_2026_10_33_07\data_validation\drift_report\report.yaml]
[2026-06-06 10:36:51,678: INFO: networksecurity: main_utils: YAML file loaded successfully: data_schema\schema.yaml]
[2026-06-06 10:36:51,801: INFO: networksecurity: data_validation: Schema columns count: 49]
[2026-06-06 10:36:51,803: INFO: networksecurity: data_validation: Dataframe columns count: 49]
[2026-06-06 10:36:51,805: INFO: networksecurity: data_validation: Column validation successful.]
[2026-06-06 10:36:51,809: INFO: networksecurity: data_validation: Schema columns count: 49]
[2026-06-06 10:36:51,812: INFO: networksecurity: data_validation: Dataframe columns count: 49]
[2026-06-06 10:36:51,814: INFO: networksecurity: data_validation: Column validation successful.]
[2026-06-06 10:36:52,033: INFO: networksecurity: main_utils: Successfully created YAML file at: artifacts\06_06_2026_10_33_07\data_validation\drift_report\report.yaml]
[2026-06-06 10:37:23,850: INFO: networksecurity: 3850222068: Initiating the data ingestion process]
[2026-06-06 10:37:23,853: INFO: networksecurity: data_ingestion: Initiating Data Ingestion component]
[2026-06-06 10:37:23,854: INFO: networksecurity: data_ingestion: Extracting data from SQLite database]
[2026-06-06 10:37:24,515: INFO: networksecurity: data_ingestion: Data shape from DB: (10000, 50)]
[2026-06-06 10:37:24,522: INFO: networksecurity: data_ingestion: Saving raw data to: artifacts\06_06_2026_10_37_23\data_ingestion\feature_store\Phishing_Legitimate_full.csv]
[2026-06-06 10:37:24,783: INFO: networksecurity: data_ingestion: performed train test split on dataframe]
[2026-06-06 10:37:24,788: INFO: networksecurity: data_ingestion: Exporting train and test file path]
[2026-06-06 10:37:27,507: INFO: networksecurity: main_utils: YAML file loaded successfully: data_schema\schema.yaml]
[2026-06-06 10:37:27,796: INFO: networksecurity: data_validation: Schema columns count: 49]
[2026-06-06 10:37:27,799: INFO: networksecurity: data_validation: Dataframe columns count: 49]
[2026-06-06 10:37:27,800: INFO: networksecurity: data_validation: Column validation successful.]
[2026-06-06 10:37:27,802: INFO: networksecurity: data_validation: Schema columns count: 49]
[2026-06-06 10:37:27,805: INFO: networksecurity: data_validation: Dataframe columns count: 49]
[2026-06-06 10:37:27,808: INFO: networksecurity: data_validation: Column validation successful.]
[2026-06-06 10:37:28,063: INFO: networksecurity: main_utils: Successfully created YAML file at: artifacts\06_06_2026_10_37_23\data_validation\drift_report\report.yaml]
[2026-06-06 10:37:28,065: INFO: networksecurity: data_validation: Drift report saved at: artifacts\06_06_2026_10_37_23\data_validation\drift_report\report.yaml]
[2026-06-06 10:37:28,066: WARNING: networksecurity: data_validation: Data drift detected between train and test datasets.]
[2026-06-06 10:37:28,068: INFO: networksecurity: data_validation: Data validation completed successfully.]
[2026-06-06 10:41:54,461: INFO: networksecurity: 3850222068: Initiating the data ingestion process]
[2026-06-06 10:41:54,463: INFO: networksecurity: data_ingestion: Initiating Data Ingestion component]
[2026-06-06 10:41:54,465: INFO: networksecurity: data_ingestion: Extracting data from SQLite database]
[2026-06-06 10:41:54,868: INFO: networksecurity: data_ingestion: Data shape from DB: (10000, 50)]
[2026-06-06 10:41:54,913: INFO: networksecurity: data_ingestion: Saving raw data to: artifacts\06_06_2026_10_41_54\data_ingestion\feature_store\Phishing_Legitimate_full.csv]
[2026-06-06 10:41:55,082: INFO: networksecurity: data_ingestion: performed train test split on dataframe]
[2026-06-06 10:41:55,084: INFO: networksecurity: data_ingestion: Exporting train and test file path]
[2026-06-06 10:41:59,953: INFO: networksecurity: main_utils: YAML file loaded successfully: data_schema\schema.yaml]
[2026-06-06 10:42:00,132: INFO: networksecurity: data_validation: Schema columns count: 49]
[2026-06-06 10:42:00,135: INFO: networksecurity: data_validation: Dataframe columns count: 49]
[2026-06-06 10:42:00,135: INFO: networksecurity: data_validation: Column validation successful.]
[2026-06-06 10:42:00,139: INFO: networksecurity: data_validation: Schema columns count: 49]
[2026-06-06 10:42:00,139: INFO: networksecurity: data_validation: Dataframe columns count: 49]
[2026-06-06 10:42:00,139: INFO: networksecurity: data_validation: Column validation successful.]
[2026-06-06 10:42:00,356: INFO: networksecurity: main_utils: Successfully created YAML file at: artifacts\06_06_2026_10_41_54\data_validation\drift_report\report.yaml]
[2026-06-06 10:42:00,356: INFO: networksecurity: data_validation: Drift report saved at: artifacts\06_06_2026_10_41_54\data_validation\drift_report\report.yaml]
[2026-06-06 10:42:00,356: INFO: networksecurity: data_validation: No data drift detected.]
[2026-06-06 10:42:00,363: INFO: networksecurity: data_validation: Data validation completed successfully.]
[2026-06-06 10:43:49,728: INFO: networksecurity: 3850222068: Initiating the data ingestion process]
[2026-06-06 10:43:49,734: INFO: networksecurity: data_ingestion: Initiating Data Ingestion component]
[2026-06-06 10:43:49,736: INFO: networksecurity: data_ingestion: Extracting data from SQLite database]
[2026-06-06 10:43:50,206: INFO: networksecurity: data_ingestion: Data shape from DB: (10000, 50)]
[2026-06-06 10:43:50,214: INFO: networksecurity: data_ingestion: Saving raw data to: artifacts\06_06_2026_10_43_49\data_ingestion\feature_store\Phishing_Legitimate_full.csv]
[2026-06-06 10:43:50,464: INFO: networksecurity: data_ingestion: performed train test split on dataframe]
[2026-06-06 10:43:50,466: INFO: networksecurity: data_ingestion: Exporting train and test file path]
[2026-06-06 10:43:53,728: INFO: networksecurity: main_utils: YAML file loaded successfully: data_schema\schema.yaml]
[2026-06-06 10:43:53,883: INFO: networksecurity: data_validation: Schema columns count: 49]
[2026-06-06 10:43:53,883: INFO: networksecurity: data_validation: Dataframe columns count: 49]
[2026-06-06 10:43:53,888: INFO: networksecurity: data_validation: Column validation successful.]
[2026-06-06 10:43:53,888: INFO: networksecurity: data_validation: Schema columns count: 49]
[2026-06-06 10:43:53,894: INFO: networksecurity: data_validation: Dataframe columns count: 49]
[2026-06-06 10:43:53,898: INFO: networksecurity: data_validation: Column validation successful.]
[2026-06-06 10:43:54,151: INFO: networksecurity: main_utils: Successfully created YAML file at: artifacts\06_06_2026_10_43_49\data_validation\drift_report\report.yaml]
[2026-06-06 10:43:54,153: INFO: networksecurity: data_validation: Drift report saved at: artifacts\06_06_2026_10_43_49\data_validation\drift_report\report.yaml]
[2026-06-06 10:43:54,155: WARNING: networksecurity: data_validation: Data drift detected between train and test datasets.]
[2026-06-06 10:43:54,156: INFO: networksecurity: data_validation: Data validation completed successfully.]
[2026-06-06 11:17:35,772: INFO: networksecurity: 3850222068: Initiating the data ingestion process]
[2026-06-06 11:17:35,775: INFO: networksecurity: data_ingestion: Initiating Data Ingestion component]
[2026-06-06 11:17:35,777: INFO: networksecurity: data_ingestion: Extracting data from SQLite database]
[2026-06-06 11:17:36,315: INFO: networksecurity: data_ingestion: Data shape from DB: (10000, 50)]
[2026-06-06 11:17:36,316: INFO: networksecurity: data_ingestion: Saving raw data to: artifacts\06_06_2026_11_17_35\data_ingestion\feature_store\Phishing_Legitimate_full.csv]
[2026-06-06 11:17:36,584: INFO: networksecurity: data_ingestion: performed train test split on dataframe]
[2026-06-06 11:17:36,584: INFO: networksecurity: data_ingestion: Exporting train and test file path]
[2026-06-06 11:17:42,605: INFO: networksecurity: main_utils: YAML file loaded successfully: data_schema\schema.yaml]
[2026-06-06 11:17:43,019: INFO: networksecurity: data_validation: Schema columns count: 49]
[2026-06-06 11:17:43,019: INFO: networksecurity: data_validation: Dataframe columns count: 49]
[2026-06-06 11:17:43,025: INFO: networksecurity: data_validation: Column validation successful.]
[2026-06-06 11:17:43,027: INFO: networksecurity: data_validation: Schema columns count: 49]
[2026-06-06 11:17:43,029: INFO: networksecurity: data_validation: Dataframe columns count: 49]
[2026-06-06 11:17:43,029: INFO: networksecurity: data_validation: Column validation successful.]
[2026-06-06 11:17:43,386: INFO: networksecurity: main_utils: Successfully created YAML file at: artifacts\06_06_2026_11_17_35\data_validation\drift_report\report.yaml]
[2026-06-06 11:17:43,386: INFO: networksecurity: data_validation: Drift report saved at: artifacts\06_06_2026_11_17_35\data_validation\drift_report\report.yaml]
[2026-06-06 11:17:43,386: INFO: networksecurity: data_validation: No data drift detected.]
[2026-06-06 11:17:43,386: INFO: networksecurity: data_validation: Saving validated train and test files.]
[2026-06-06 11:17:43,554: INFO: networksecurity: data_validation: Data validation completed.]
[2026-06-06 11:21:18,276: INFO: networksecurity: 3850222068: Initiating the data ingestion process]
[2026-06-06 11:21:18,279: INFO: networksecurity: data_ingestion: Initiating Data Ingestion component]
[2026-06-06 11:21:18,281: INFO: networksecurity: data_ingestion: Extracting data from SQLite database]
[2026-06-06 11:21:18,820: INFO: networksecurity: data_ingestion: Data shape from DB: (10000, 50)]
[2026-06-06 11:21:18,840: INFO: networksecurity: data_ingestion: Saving raw data to: artifacts\06_06_2026_11_21_18\data_ingestion\feature_store\Phishing_Legitimate_full.csv]
[2026-06-06 11:21:19,014: INFO: networksecurity: data_ingestion: performed train test split on dataframe]
[2026-06-06 11:21:19,014: INFO: networksecurity: data_ingestion: Exporting train and test file path]
[2026-06-06 11:21:21,528: INFO: networksecurity: main_utils: YAML file loaded successfully: data_schema\schema.yaml]
[2026-06-06 11:21:21,834: INFO: networksecurity: data_validation: Schema columns count: 49]
[2026-06-06 11:21:21,835: INFO: networksecurity: data_validation: Dataframe columns count: 49]
[2026-06-06 11:21:21,837: INFO: networksecurity: data_validation: Column validation successful.]
[2026-06-06 11:21:21,839: INFO: networksecurity: data_validation: Schema columns count: 49]
[2026-06-06 11:21:21,839: INFO: networksecurity: data_validation: Dataframe columns count: 49]
[2026-06-06 11:21:21,845: INFO: networksecurity: data_validation: Column validation successful.]
[2026-06-06 11:21:22,499: INFO: networksecurity: main_utils: Successfully created YAML file at: artifacts\06_06_2026_11_21_18\data_validation\drift_report\report.yaml]
[2026-06-06 11:21:22,499: INFO: networksecurity: data_validation: Drift report saved at: artifacts\06_06_2026_11_21_18\data_validation\drift_report\report.yaml]
[2026-06-06 11:21:22,499: INFO: networksecurity: data_validation: No data drift detected.]
[2026-06-06 11:21:22,505: INFO: networksecurity: data_validation: Saving validated train and test files.]
[2026-06-06 11:21:22,869: INFO: networksecurity: data_validation: Data validation completed.]
[2026-06-06 19:30:33,063: INFO: networksecurity: main: Initiate the data ingestion]
[2026-06-06 19:30:33,063: INFO: networksecurity: data_ingestion: Initiating Data Ingestion component]
[2026-06-06 19:30:33,063: INFO: networksecurity: data_ingestion: Extracting data from SQLite database]
[2026-06-06 19:30:33,515: INFO: networksecurity: data_ingestion: Data shape from DB: (10000, 50)]
[2026-06-06 19:30:33,560: INFO: networksecurity: data_ingestion: Saving raw data to: artifacts\06_06_2026_19_30_33\data_ingestion\feature_store\Phishing_Legitimate_full.csv]
[2026-06-06 19:30:33,769: INFO: networksecurity: data_ingestion: performed train test split on dataframe]
[2026-06-06 19:30:33,770: INFO: networksecurity: data_ingestion: Exporting train and test file path]
[2026-06-06 19:30:33,973: INFO: networksecurity: main: Data Initiation Completed]
[2026-06-06 19:30:34,025: INFO: networksecurity: main_utils: YAML file loaded successfully: data_schema\schema.yaml]
[2026-06-06 19:30:34,025: INFO: networksecurity: main: Initiate the data Validation]
[2026-06-06 19:30:34,240: INFO: networksecurity: data_validation: Schema columns count: 49]
[2026-06-06 19:30:34,265: INFO: networksecurity: data_validation: Dataframe columns count: 49]
[2026-06-06 19:30:34,284: INFO: networksecurity: data_validation: Column validation successful.]
[2026-06-06 19:30:34,295: INFO: networksecurity: data_validation: Schema columns count: 49]
[2026-06-06 19:30:34,320: INFO: networksecurity: data_validation: Dataframe columns count: 49]
[2026-06-06 19:30:34,357: INFO: networksecurity: data_validation: Column validation successful.]
[2026-06-06 19:30:34,840: INFO: networksecurity: main_utils: Successfully created YAML file at: artifacts\06_06_2026_19_30_33\data_validation\drift_report\report.yaml]
[2026-06-06 19:30:34,840: INFO: networksecurity: data_validation: Drift report saved at: artifacts\06_06_2026_19_30_33\data_validation\drift_report\report.yaml]
[2026-06-06 19:30:34,840: INFO: networksecurity: data_validation: No data drift detected.]
[2026-06-06 19:30:34,840: INFO: networksecurity: data_validation: Saving validated train and test files.]
[2026-06-06 19:30:35,140: INFO: networksecurity: data_validation: Data validation completed.]
[2026-06-06 19:30:35,146: INFO: networksecurity: main: Data Validation Completed]
[2026-06-06 19:34:04,210: INFO: networksecurity: main: Initiate the data ingestion]
[2026-06-06 19:34:04,210: INFO: networksecurity: data_ingestion: Initiating Data Ingestion component]
[2026-06-06 19:34:04,210: INFO: networksecurity: data_ingestion: Extracting data from SQLite database]
[2026-06-06 19:34:04,710: INFO: networksecurity: data_ingestion: Data shape from DB: (10000, 50)]
[2026-06-06 19:34:04,760: INFO: networksecurity: data_ingestion: Saving raw data to: artifacts\06_06_2026_19_34_04\data_ingestion\feature_store\Phishing_Legitimate_full.csv]
[2026-06-06 19:34:04,984: INFO: networksecurity: data_ingestion: performed train test split on dataframe]
[2026-06-06 19:34:04,984: INFO: networksecurity: data_ingestion: Exporting train and test file path]
[2026-06-06 19:34:05,272: INFO: networksecurity: main: Data Initiation Completed]
[2026-06-06 19:34:05,296: INFO: networksecurity: main_utils: YAML file loaded successfully: data_schema\schema.yaml]
[2026-06-06 19:34:05,301: INFO: networksecurity: main: Initiate the data Validation]
[2026-06-06 19:34:05,525: INFO: networksecurity: data_validation: Schema columns count: 49]
[2026-06-06 19:34:05,525: INFO: networksecurity: data_validation: Dataframe columns count: 49]
[2026-06-06 19:34:05,525: INFO: networksecurity: data_validation: Column validation successful.]
[2026-06-06 19:34:05,525: INFO: networksecurity: data_validation: Schema columns count: 49]
[2026-06-06 19:34:05,525: INFO: networksecurity: data_validation: Dataframe columns count: 49]
[2026-06-06 19:34:05,525: INFO: networksecurity: data_validation: Column validation successful.]
[2026-06-06 19:34:05,840: INFO: networksecurity: main_utils: Successfully created YAML file at: artifacts\06_06_2026_19_34_04\data_validation\drift_report\report.yaml]
[2026-06-06 19:34:05,840: INFO: networksecurity: data_validation: Drift report saved at: artifacts\06_06_2026_19_34_04\data_validation\drift_report\report.yaml]
[2026-06-06 19:34:05,840: INFO: networksecurity: data_validation: No data drift detected.]
[2026-06-06 19:34:05,840: INFO: networksecurity: data_validation: Saving validated train and test files.]
[2026-06-06 19:34:06,015: INFO: networksecurity: data_validation: Data validation completed.]
[2026-06-06 19:34:06,015: INFO: networksecurity: main: Data Validation Completed]
[2026-06-06 19:34:06,015: INFO: networksecurity: main: data Transformation started]
[2026-06-06 19:34:06,019: INFO: networksecurity: data_transformation: Entered initiate_data_transformation method of DataTransformation class]
[2026-06-06 19:34:06,019: INFO: networksecurity: data_transformation: Starting data transformation]
[2026-06-06 19:39:35,027: INFO: networksecurity: main: Initiate the data ingestion]
[2026-06-06 19:39:35,027: INFO: networksecurity: data_ingestion: Initiating Data Ingestion component]
[2026-06-06 19:39:35,027: INFO: networksecurity: data_ingestion: Extracting data from SQLite database]
[2026-06-06 19:39:35,307: INFO: networksecurity: data_ingestion: Data shape from DB: (10000, 50)]
[2026-06-06 19:39:35,313: INFO: networksecurity: data_ingestion: Saving raw data to: artifacts\06_06_2026_19_39_35\data_ingestion\feature_store\Phishing_Legitimate_full.csv]
[2026-06-06 19:39:35,477: INFO: networksecurity: data_ingestion: performed train test split on dataframe]
[2026-06-06 19:39:35,500: INFO: networksecurity: data_ingestion: Exporting train and test file path]
[2026-06-06 19:39:35,692: INFO: networksecurity: main: Data Initiation Completed]
[2026-06-06 19:39:35,712: INFO: networksecurity: main_utils: YAML file loaded successfully: data_schema\schema.yaml]
[2026-06-06 19:39:35,713: INFO: networksecurity: main: Initiate the data Validation]
[2026-06-06 19:39:35,841: INFO: networksecurity: data_validation: Schema columns count: 49]
[2026-06-06 19:39:35,841: INFO: networksecurity: data_validation: Dataframe columns count: 49]
[2026-06-06 19:39:35,842: INFO: networksecurity: data_validation: Column validation successful.]
[2026-06-06 19:39:35,842: INFO: networksecurity: data_validation: Schema columns count: 49]
[2026-06-06 19:39:35,843: INFO: networksecurity: data_validation: Dataframe columns count: 49]
[2026-06-06 19:39:35,843: INFO: networksecurity: data_validation: Column validation successful.]
[2026-06-06 19:39:36,042: INFO: networksecurity: main_utils: Successfully created YAML file at: artifacts\06_06_2026_19_39_35\data_validation\drift_report\report.yaml]
[2026-06-06 19:39:36,042: INFO: networksecurity: data_validation: Drift report saved at: artifacts\06_06_2026_19_39_35\data_validation\drift_report\report.yaml]
[2026-06-06 19:39:36,042: INFO: networksecurity: data_validation: No data drift detected.]
[2026-06-06 19:39:36,042: INFO: networksecurity: data_validation: Saving validated train and test files.]
[2026-06-06 19:39:36,242: INFO: networksecurity: data_validation: Data validation completed.]
[2026-06-06 19:39:36,242: INFO: networksecurity: main: Data Validation Completed]
[2026-06-06 19:39:36,242: INFO: networksecurity: main: data Transformation started]
[2026-06-06 19:39:36,242: INFO: networksecurity: data_transformation: Entered initiate_data_transformation method of DataTransformation class]
[2026-06-06 19:39:36,242: INFO: networksecurity: data_transformation: Starting data transformation]
[2026-06-06 19:39:36,342: INFO: networksecurity: data_transformation: Entered get_data_transformer_object method of Transformation class]
[2026-06-06 19:39:36,342: INFO: networksecurity: data_transformation: Initialise KNNImputer with {'missing_values': nan, 'n_neighbors': 3, 'weights': 'uniform'}]
[2026-06-06 19:39:36,342: INFO: networksecurity: data_transformation: Applying transformer object on training and testing dataframes]
[2026-06-06 19:43:02,968: INFO: networksecurity: main: Initiate the data ingestion]
[2026-06-06 19:43:02,978: INFO: networksecurity: data_ingestion: Initiating Data Ingestion component]
[2026-06-06 19:43:02,993: INFO: networksecurity: data_ingestion: Extracting data from SQLite database]
[2026-06-06 19:43:03,557: INFO: networksecurity: data_ingestion: Data shape from DB: (10000, 50)]
[2026-06-06 19:43:03,595: INFO: networksecurity: data_ingestion: Saving raw data to: artifacts\06_06_2026_19_43_02\data_ingestion\feature_store\Phishing_Legitimate_full.csv]
[2026-06-06 19:43:03,813: INFO: networksecurity: data_ingestion: performed train test split on dataframe]
[2026-06-06 19:43:03,813: INFO: networksecurity: data_ingestion: Exporting train and test file path]
[2026-06-06 19:43:04,033: INFO: networksecurity: main: Data Initiation Completed]
[2026-06-06 19:43:04,053: INFO: networksecurity: main_utils: YAML file loaded successfully: data_schema\schema.yaml]
[2026-06-06 19:43:04,054: INFO: networksecurity: main: Initiate the data Validation]
[2026-06-06 19:43:04,205: INFO: networksecurity: data_validation: Schema columns count: 49]
[2026-06-06 19:43:04,216: INFO: networksecurity: data_validation: Dataframe columns count: 49]
[2026-06-06 19:43:04,223: INFO: networksecurity: data_validation: Column validation successful.]
[2026-06-06 19:43:04,229: INFO: networksecurity: data_validation: Schema columns count: 49]
[2026-06-06 19:43:04,233: INFO: networksecurity: data_validation: Dataframe columns count: 49]
[2026-06-06 19:43:04,235: INFO: networksecurity: data_validation: Column validation successful.]
[2026-06-06 19:43:04,473: INFO: networksecurity: main_utils: Successfully created YAML file at: artifacts\06_06_2026_19_43_02\data_validation\drift_report\report.yaml]
[2026-06-06 19:43:04,473: INFO: networksecurity: data_validation: Drift report saved at: artifacts\06_06_2026_19_43_02\data_validation\drift_report\report.yaml]
[2026-06-06 19:43:04,473: INFO: networksecurity: data_validation: No data drift detected.]
[2026-06-06 19:43:04,478: INFO: networksecurity: data_validation: Saving validated train and test files.]
[2026-06-06 19:43:04,763: INFO: networksecurity: data_validation: Data validation completed.]
[2026-06-06 19:43:04,763: INFO: networksecurity: main: Data Validation Completed]
[2026-06-06 19:43:04,763: INFO: networksecurity: main: data Transformation started]
[2026-06-06 19:43:04,763: INFO: networksecurity: data_transformation: Entered initiate_data_transformation method of DataTransformation class]
[2026-06-06 19:43:04,763: INFO: networksecurity: data_transformation: Starting data transformation]
[2026-06-06 19:43:04,944: INFO: networksecurity: data_transformation: Entered get_data_transformer_object method of Transformation class]
[2026-06-06 19:43:04,944: INFO: networksecurity: data_transformation: Initialise KNNImputer with {'missing_values': nan, 'n_neighbors': 3, 'weights': 'uniform'}]
[2026-06-06 19:43:04,944: INFO: networksecurity: data_transformation: Applying transformer object on training and testing dataframes]
[2026-06-06 19:43:05,033: INFO: networksecurity: main_utils: Entered the save_object method of MainUtils class]
[2026-06-06 19:43:05,038: INFO: networksecurity: main_utils: Exited the save_object method of MainUtils class]
[2026-06-06 19:43:05,038: INFO: networksecurity: data_transformation: Preprocessing object and transformed arrays saved successfully]
[2026-06-06 19:43:05,047: INFO: networksecurity: main: data Transformation completed]
[2026-06-06 19:46:20,118: INFO: networksecurity: main: Initiate the data ingestion]
[2026-06-06 19:46:20,118: INFO: networksecurity: data_ingestion: Initiating Data Ingestion component]
[2026-06-06 19:46:20,118: INFO: networksecurity: data_ingestion: Extracting data from SQLite database]
[2026-06-06 19:46:20,505: INFO: networksecurity: data_ingestion: Data shape from DB: (10000, 50)]
[2026-06-06 19:46:20,505: INFO: networksecurity: data_ingestion: Saving raw data to: artifacts\06_06_2026_19_46_20\data_ingestion\feature_store\Phishing_Legitimate_full.csv]
[2026-06-06 19:46:20,777: INFO: networksecurity: data_ingestion: performed train test split on dataframe]
[2026-06-06 19:46:20,778: INFO: networksecurity: data_ingestion: Exporting train and test file path]
[2026-06-06 19:46:21,073: INFO: networksecurity: main: Data Initiation Completed]
[2026-06-06 19:46:21,106: INFO: networksecurity: main_utils: YAML file loaded successfully: data_schema\schema.yaml]
[2026-06-06 19:46:21,110: INFO: networksecurity: main: Initiate the data Validation]
[2026-06-06 19:46:21,301: INFO: networksecurity: data_validation: Schema columns count: 49]
[2026-06-06 19:46:21,301: INFO: networksecurity: data_validation: Dataframe columns count: 49]
[2026-06-06 19:46:21,302: INFO: networksecurity: data_validation: Column validation successful.]
[2026-06-06 19:46:21,302: INFO: networksecurity: data_validation: Schema columns count: 49]
[2026-06-06 19:46:21,303: INFO: networksecurity: data_validation: Dataframe columns count: 49]
[2026-06-06 19:46:21,304: INFO: networksecurity: data_validation: Column validation successful.]
[2026-06-06 19:46:21,538: INFO: networksecurity: main_utils: Successfully created YAML file at: artifacts\06_06_2026_19_46_20\data_validation\drift_report\report.yaml]
[2026-06-06 19:46:21,539: INFO: networksecurity: data_validation: Drift report saved at: artifacts\06_06_2026_19_46_20\data_validation\drift_report\report.yaml]
[2026-06-06 19:46:21,539: INFO: networksecurity: data_validation: No data drift detected.]
[2026-06-06 19:46:21,540: INFO: networksecurity: data_validation: Saving validated train and test files.]
[2026-06-06 19:46:21,833: INFO: networksecurity: data_validation: Data validation completed.]
[2026-06-06 19:46:21,835: INFO: networksecurity: main: Data Validation Completed]
[2026-06-06 19:46:21,836: INFO: networksecurity: main: data Transformation started]
[2026-06-06 19:46:21,836: INFO: networksecurity: data_transformation: Entered initiate_data_transformation method of DataTransformation class]
[2026-06-06 19:46:21,837: INFO: networksecurity: data_transformation: Starting data transformation]
[2026-06-06 19:46:22,005: INFO: networksecurity: data_transformation: Entered get_data_transformer_object method of Transformation class]
[2026-06-06 19:46:22,005: INFO: networksecurity: data_transformation: Initialise KNNImputer with {'missing_values': nan, 'n_neighbors': 3, 'weights': 'uniform'}]
[2026-06-06 19:46:22,005: INFO: networksecurity: data_transformation: Applying transformer object on training and testing dataframes]
[2026-06-06 19:46:22,140: INFO: networksecurity: main_utils: Entered the save_object method of MainUtils class]
[2026-06-06 19:46:22,145: INFO: networksecurity: main_utils: Exited the save_object method of MainUtils class]
[2026-06-06 19:46:22,145: INFO: networksecurity: data_transformation: Preprocessing object and transformed arrays saved successfully]
[2026-06-06 19:46:22,150: INFO: networksecurity: main: data Transformation completed]
[2026-06-06 23:56:36,888: INFO: networksecurity: main: Initiate the data ingestion]
[2026-06-06 23:56:36,888: INFO: networksecurity: data_ingestion: Initiating Data Ingestion component]
[2026-06-06 23:56:36,888: INFO: networksecurity: data_ingestion: Extracting data from SQLite database]
[2026-06-06 23:56:37,448: INFO: networksecurity: data_ingestion: Data shape from DB: (10000, 50)]
[2026-06-06 23:56:37,453: INFO: networksecurity: data_ingestion: Saving raw data to: artifacts\06_06_2026_23_56_36\data_ingestion\feature_store\Phishing_Legitimate_full.csv]
[2026-06-06 23:56:37,621: INFO: networksecurity: data_ingestion: performed train test split on dataframe]
[2026-06-06 23:56:37,621: INFO: networksecurity: data_ingestion: Exporting train and test file path]
[2026-06-06 23:56:37,793: INFO: networksecurity: main: Data Initiation Completed]
[2026-06-06 23:56:37,808: INFO: networksecurity: main_utils: YAML file loaded successfully: data_schema\schema.yaml]
[2026-06-06 23:56:37,808: INFO: networksecurity: main: Initiate the data Validation]
[2026-06-06 23:56:37,898: INFO: networksecurity: data_validation: Schema columns count: 49]
[2026-06-06 23:56:37,898: INFO: networksecurity: data_validation: Dataframe columns count: 49]
[2026-06-06 23:56:37,898: INFO: networksecurity: data_validation: Column validation successful.]
[2026-06-06 23:56:37,903: INFO: networksecurity: data_validation: Schema columns count: 49]
[2026-06-06 23:56:37,903: INFO: networksecurity: data_validation: Dataframe columns count: 49]
[2026-06-06 23:56:37,903: INFO: networksecurity: data_validation: Column validation successful.]
[2026-06-06 23:56:38,105: INFO: networksecurity: main_utils: Successfully created YAML file at: artifacts\06_06_2026_23_56_36\data_validation\drift_report\report.yaml]
[2026-06-06 23:56:38,105: INFO: networksecurity: data_validation: Drift report saved at: artifacts\06_06_2026_23_56_36\data_validation\drift_report\report.yaml]
[2026-06-06 23:56:38,106: INFO: networksecurity: data_validation: No data drift detected.]
[2026-06-06 23:56:38,106: INFO: networksecurity: data_validation: Saving validated train and test files.]
[2026-06-06 23:56:38,324: INFO: networksecurity: data_validation: Data validation completed.]
[2026-06-06 23:56:38,328: INFO: networksecurity: main: Data Validation Completed]
[2026-06-06 23:56:38,328: INFO: networksecurity: main: data Transformation started]
[2026-06-06 23:56:38,328: INFO: networksecurity: data_transformation: Entered initiate_data_transformation method of DataTransformation class]
[2026-06-06 23:56:38,329: INFO: networksecurity: data_transformation: Starting data transformation]
[2026-06-06 23:56:38,449: INFO: networksecurity: data_transformation: Entered get_data_transformer_object method of Transformation class]
[2026-06-06 23:56:38,453: INFO: networksecurity: data_transformation: Initialise KNNImputer with {'missing_values': nan, 'n_neighbors': 3, 'weights': 'uniform'}]
[2026-06-06 23:56:38,453: INFO: networksecurity: data_transformation: Applying transformer object on training and testing dataframes]
[2026-06-06 23:56:38,553: INFO: networksecurity: main_utils: Entered the save_object method of MainUtils class]
[2026-06-06 23:56:38,558: INFO: networksecurity: main_utils: Exited the save_object method of MainUtils class]
[2026-06-06 23:56:38,558: INFO: networksecurity: data_transformation: Preprocessing object and transformed arrays saved successfully]
[2026-06-06 23:56:38,562: INFO: networksecurity: main: data Transformation completed]
[2026-06-06 23:56:38,562: INFO: networksecurity: main: Model Training started]
[2026-06-06 23:57:04,512: INFO: networksecurity: main_utils: Entered the save_object method of MainUtils class]
[2026-06-06 23:57:04,572: INFO: networksecurity: main_utils: Exited the save_object method of MainUtils class]
[2026-06-06 23:57:04,572: INFO: networksecurity: model_trainer: Best Model Found: Random Forest with Score: 0.9179861396576021]
[2026-06-06 23:57:04,575: INFO: networksecurity: main: Model Training artifact created: ModelTrainerArtifact(trained_model_file_path='artifacts\\06_06_2026_23_56_36\\model_trainer\\trained_model\\model.pkl', train_metric_artifact=None, test_metric_artifact=ClassificationMetricArtifact(f1_score=0.9797330696984676, precision_score=0.9811881188118812, recall_score=0.9782823297137216))]
[2026-06-07 09:28:38,212: INFO: networksecurity: main: Initiate the data ingestion]
[2026-06-07 09:28:38,212: INFO: networksecurity: data_ingestion: Initiating Data Ingestion component]
[2026-06-07 09:28:38,212: INFO: networksecurity: data_ingestion: Extracting data from SQLite database]
[2026-06-07 09:28:38,662: INFO: networksecurity: data_ingestion: Data shape from DB: (10000, 50)]
[2026-06-07 09:28:38,720: INFO: networksecurity: data_ingestion: Saving raw data to: artifacts\06_07_2026_09_28_38\data_ingestion\feature_store\Phishing_Legitimate_full.csv]
[2026-06-07 09:28:38,902: INFO: networksecurity: data_ingestion: performed train test split on dataframe]
[2026-06-07 09:28:38,902: INFO: networksecurity: data_ingestion: Exporting train and test file path]
[2026-06-07 09:28:39,110: INFO: networksecurity: main: Data Initiation Completed]
[2026-06-07 09:28:39,147: INFO: networksecurity: main_utils: YAML file loaded successfully: data_schema\schema.yaml]
[2026-06-07 09:28:39,174: INFO: networksecurity: main: Initiate the data Validation]
[2026-06-07 09:28:39,337: INFO: networksecurity: data_validation: Schema columns count: 49]
[2026-06-07 09:28:39,338: INFO: networksecurity: data_validation: Dataframe columns count: 49]
[2026-06-07 09:28:39,338: INFO: networksecurity: data_validation: Column validation successful.]
[2026-06-07 09:28:39,338: INFO: networksecurity: data_validation: Schema columns count: 49]
[2026-06-07 09:28:39,339: INFO: networksecurity: data_validation: Dataframe columns count: 49]
[2026-06-07 09:28:39,339: INFO: networksecurity: data_validation: Column validation successful.]
[2026-06-07 09:28:39,567: INFO: networksecurity: main_utils: Successfully created YAML file at: artifacts\06_07_2026_09_28_38\data_validation\drift_report\report.yaml]
[2026-06-07 09:28:39,571: INFO: networksecurity: data_validation: Drift report saved at: artifacts\06_07_2026_09_28_38\data_validation\drift_report\report.yaml]
[2026-06-07 09:28:39,571: INFO: networksecurity: data_validation: No data drift detected.]
[2026-06-07 09:28:39,572: INFO: networksecurity: data_validation: Saving validated train and test files.]
[2026-06-07 09:28:39,757: INFO: networksecurity: data_validation: Data validation completed.]
[2026-06-07 09:28:39,757: INFO: networksecurity: main: Data Validation Completed]
[2026-06-07 09:28:39,762: INFO: networksecurity: main: data Transformation started]
[2026-06-07 09:28:39,762: INFO: networksecurity: data_transformation: Entered initiate_data_transformation method of DataTransformation class]
[2026-06-07 09:28:39,762: INFO: networksecurity: data_transformation: Starting data transformation]
[2026-06-07 09:28:39,862: INFO: networksecurity: data_transformation: Entered get_data_transformer_object method of Transformation class]
[2026-06-07 09:28:39,862: INFO: networksecurity: data_transformation: Initialise KNNImputer with {'missing_values': nan, 'n_neighbors': 3, 'weights': 'uniform'}]
[2026-06-07 09:28:39,862: INFO: networksecurity: data_transformation: Applying transformer object on training and testing dataframes]
[2026-06-07 09:28:40,112: INFO: networksecurity: main_utils: Entered the save_object method of MainUtils class]
[2026-06-07 09:28:40,118: INFO: networksecurity: main_utils: Exited the save_object method of MainUtils class]
[2026-06-07 09:28:40,118: INFO: networksecurity: data_transformation: Preprocessing object and transformed arrays saved successfully]
[2026-06-07 09:28:40,124: INFO: networksecurity: main: data Transformation completed]
[2026-06-07 09:28:40,124: INFO: networksecurity: main: Model Training started]
[2026-06-07 09:30:18,942: INFO: networksecurity: main_utils: Entered the save_object method of MainUtils class]
[2026-06-07 09:30:18,975: INFO: networksecurity: main_utils: Exited the save_object method of MainUtils class]
[2026-06-07 09:30:18,976: INFO: networksecurity: model_trainer: Best Model Found: Random Forest with Score: 0.9219868157718655]
[2026-06-07 09:30:18,980: INFO: networksecurity: main: Model Training artifact created: ModelTrainerArtifact(trained_model_file_path='artifacts\\06_07_2026_09_28_38\\model_trainer\\trained_model\\model.pkl', train_metric_artifact=ClassificationMetricArtifact(f1_score=1.0, precision_score=1.0, recall_score=1.0), test_metric_artifact=ClassificationMetricArtifact(f1_score=0.9802731411229135, precision_score=0.9787878787878788, recall_score=0.9817629179331308))]
[2026-06-07 11:06:18,870: INFO: httpx: _client: HTTP Request: POST https://dagshub.com/login/oauth/middleman "HTTP/1.1 200 OK"]
[2026-06-07 11:06:22,648: INFO: httpx: _client: HTTP Request: POST https://dagshub.com/login/oauth/access_token "HTTP/1.1 200 OK"]
[2026-06-07 11:06:24,902: INFO: httpx: _client: HTTP Request: GET https://dagshub.com/api/v1/user "HTTP/1.1 200 OK"]
[2026-06-07 11:06:24,917: INFO: dagshub: helpers: Accessing as mhmdrza9789]
[2026-06-07 11:06:33,888: INFO: httpx: _client: HTTP Request: GET https://dagshub.com/api/v1/repos/mhmdrza9789/networkSecurity "HTTP/1.1 200 OK"]
[2026-06-07 11:06:36,318: INFO: httpx: _client: HTTP Request: GET https://dagshub.com/api/v1/user "HTTP/1.1 200 OK"]
[2026-06-07 11:06:36,326: INFO: dagshub: helpers: Initialized MLflow to track repo "mhmdrza9789/networkSecurity"]
[2026-06-07 11:06:36,328: INFO: dagshub: helpers: Repository mhmdrza9789/networkSecurity initialized!]
[2026-06-07 11:06:36,328: INFO: networksecurity: main: Initiate the data ingestion]
[2026-06-07 11:06:36,328: INFO: networksecurity: data_ingestion: Initiating Data Ingestion component]
[2026-06-07 11:06:36,328: INFO: networksecurity: data_ingestion: Extracting data from SQLite database]
[2026-06-07 11:06:36,788: INFO: networksecurity: data_ingestion: Data shape from DB: (10000, 50)]
[2026-06-07 11:06:36,855: INFO: networksecurity: data_ingestion: Saving raw data to: artifacts\06_07_2026_11_06_36\data_ingestion\feature_store\Phishing_Legitimate_full.csv]
[2026-06-07 11:06:37,117: INFO: networksecurity: data_ingestion: performed train test split on dataframe]
[2026-06-07 11:06:37,117: INFO: networksecurity: data_ingestion: Exporting train and test file path]
[2026-06-07 11:06:37,297: INFO: networksecurity: main: Data Initiation Completed]
[2026-06-07 11:06:37,332: INFO: networksecurity: main_utils: YAML file loaded successfully: data_schema\schema.yaml]
[2026-06-07 11:06:37,353: INFO: networksecurity: main: Initiate the data Validation]
[2026-06-07 11:06:37,559: INFO: networksecurity: data_validation: Schema columns count: 49]
[2026-06-07 11:06:37,560: INFO: networksecurity: data_validation: Dataframe columns count: 49]
[2026-06-07 11:06:37,560: INFO: networksecurity: data_validation: Column validation successful.]
[2026-06-07 11:06:37,560: INFO: networksecurity: data_validation: Schema columns count: 49]
[2026-06-07 11:06:37,560: INFO: networksecurity: data_validation: Dataframe columns count: 49]
[2026-06-07 11:06:37,560: INFO: networksecurity: data_validation: Column validation successful.]
[2026-06-07 11:06:37,822: INFO: networksecurity: main_utils: Successfully created YAML file at: artifacts\06_07_2026_11_06_36\data_validation\drift_report\report.yaml]
[2026-06-07 11:06:37,822: INFO: networksecurity: data_validation: Drift report saved at: artifacts\06_07_2026_11_06_36\data_validation\drift_report\report.yaml]
[2026-06-07 11:06:37,839: INFO: networksecurity: data_validation: No data drift detected.]
[2026-06-07 11:06:37,840: INFO: networksecurity: data_validation: Saving validated train and test files.]
[2026-06-07 11:06:38,223: INFO: networksecurity: data_validation: Data validation completed.]
[2026-06-07 11:06:38,240: INFO: networksecurity: main: Data Validation Completed]
[2026-06-07 11:06:38,279: INFO: networksecurity: main: data Transformation started]
[2026-06-07 11:06:38,285: INFO: networksecurity: data_transformation: Entered initiate_data_transformation method of DataTransformation class]
[2026-06-07 11:06:38,295: INFO: networksecurity: data_transformation: Starting data transformation]
[2026-06-07 11:06:38,573: INFO: networksecurity: data_transformation: Entered get_data_transformer_object method of Transformation class]
[2026-06-07 11:06:38,573: INFO: networksecurity: data_transformation: Initialise KNNImputer with {'missing_values': nan, 'n_neighbors': 3, 'weights': 'uniform'}]
[2026-06-07 11:06:38,576: INFO: networksecurity: data_transformation: Applying transformer object on training and testing dataframes]
[2026-06-07 11:06:38,753: INFO: networksecurity: main_utils: Entered the save_object method of MainUtils class]
[2026-06-07 11:06:38,784: INFO: networksecurity: main_utils: Exited the save_object method of MainUtils class]
[2026-06-07 11:06:38,784: INFO: networksecurity: data_transformation: Preprocessing object and transformed arrays saved successfully]
[2026-06-07 11:06:38,788: INFO: networksecurity: main: data Transformation completed]
[2026-06-07 11:06:38,793: INFO: networksecurity: main: Model Training started]
[2026-06-07 11:10:51,164: INFO: networksecurity: main_utils: Entered the save_object method of MainUtils class]
[2026-06-07 11:10:51,218: INFO: networksecurity: main_utils: Exited the save_object method of MainUtils class]
[2026-06-07 11:10:51,218: INFO: networksecurity: model_trainer: Best Model Found: Random Forest with Score: 0.925989342465315]
[2026-06-07 11:10:51,224: INFO: networksecurity: main: Model Training artifact created: ModelTrainerArtifact(trained_model_file_path='artifacts\\06_07_2026_11_06_36\\model_trainer\\trained_model\\model.pkl', train_metric_artifact=ClassificationMetricArtifact(f1_score=1.0, precision_score=1.0, recall_score=1.0), test_metric_artifact=ClassificationMetricArtifact(f1_score=0.9816559246405553, precision_score=0.9850746268656716, recall_score=0.9782608695652174))]
[2026-06-07 12:46:19,115: INFO: httpx: _client: HTTP Request: GET https://dagshub.com/api/v1/user "HTTP/1.1 200 OK"]
[2026-06-07 12:46:19,151: INFO: dagshub: helpers: Accessing as mhmdrza9789]
[2026-06-07 12:46:24,657: INFO: httpx: _client: HTTP Request: GET https://dagshub.com/api/v1/repos/mhmdrza9789/networkSecurity "HTTP/1.1 200 OK"]
[2026-06-07 12:46:32,879: INFO: httpx: _client: HTTP Request: GET https://dagshub.com/api/v1/user "HTTP/1.1 200 OK"]
[2026-06-07 12:46:32,879: INFO: dagshub: helpers: Initialized MLflow to track repo "mhmdrza9789/networkSecurity"]
[2026-06-07 12:46:32,879: INFO: dagshub: helpers: Repository mhmdrza9789/networkSecurity initialized!]
[2026-06-07 12:46:50,730: INFO: httpx: _client: HTTP Request: GET https://dagshub.com/api/v1/user "HTTP/1.1 200 OK"]
[2026-06-07 12:46:50,746: INFO: dagshub: helpers: Accessing as mhmdrza9789]
[2026-06-07 12:46:52,170: INFO: httpx: _client: HTTP Request: GET https://dagshub.com/api/v1/repos/mhmdrza9789/networkSecurity "HTTP/1.1 200 OK"]
[2026-06-07 12:46:54,330: INFO: httpx: _client: HTTP Request: GET https://dagshub.com/api/v1/user "HTTP/1.1 200 OK"]
[2026-06-07 12:46:54,340: INFO: dagshub: helpers: Initialized MLflow to track repo "mhmdrza9789/networkSecurity"]
[2026-06-07 12:46:54,350: INFO: dagshub: helpers: Repository mhmdrza9789/networkSecurity initialized!]
[2026-06-07 12:47:48,645: INFO: networksecurity: training_pipeline: Start Data Ingestion]
[2026-06-07 12:47:48,645: INFO: networksecurity: data_ingestion: Initiating Data Ingestion component]
[2026-06-07 12:47:48,645: INFO: networksecurity: data_ingestion: Extracting data from SQLite database]
[2026-06-07 12:47:49,692: INFO: networksecurity: data_ingestion: Data shape from DB: (10000, 50)]
[2026-06-07 12:47:49,798: INFO: networksecurity: data_ingestion: Saving raw data to: artifacts\06_07_2026_12_47_48\data_ingestion\feature_store\Phishing_Legitimate_full.csv]
[2026-06-07 12:47:50,282: INFO: networksecurity: data_ingestion: performed train test split on dataframe]
[2026-06-07 12:47:50,298: INFO: networksecurity: data_ingestion: Exporting train and test file path]
[2026-06-07 12:47:50,636: INFO: networksecurity: training_pipeline: Data Ingestion completed and artifact: DataIngestionArtifact(trained_file_path='artifacts\\06_07_2026_12_47_48\\data_ingestion\\ingested\\train.csv', test_file_path='artifacts\\06_07_2026_12_47_48\\data_ingestion\\ingested\\test.csv')]
[2026-06-07 12:47:50,636: INFO: networksecurity: training_pipeline: Initiate Data Validation]
[2026-06-07 12:47:50,702: INFO: networksecurity: main_utils: YAML file loaded successfully: data_schema\schema.yaml]
[2026-06-07 12:47:50,923: INFO: networksecurity: data_validation: Schema columns count: 49]
[2026-06-07 12:47:50,923: INFO: networksecurity: data_validation: Dataframe columns count: 49]
[2026-06-07 12:47:50,923: INFO: networksecurity: data_validation: Column validation successful.]
[2026-06-07 12:47:50,923: INFO: networksecurity: data_validation: Schema columns count: 49]
[2026-06-07 12:47:50,923: INFO: networksecurity: data_validation: Dataframe columns count: 49]
[2026-06-07 12:47:50,923: INFO: networksecurity: data_validation: Column validation successful.]
[2026-06-07 12:47:51,277: INFO: networksecurity: main_utils: Successfully created YAML file at: artifacts\06_07_2026_12_47_48\data_validation\drift_report\report.yaml]
[2026-06-07 12:47:51,277: INFO: networksecurity: data_validation: Drift report saved at: artifacts\06_07_2026_12_47_48\data_validation\drift_report\report.yaml]
[2026-06-07 12:47:51,277: INFO: networksecurity: data_validation: No data drift detected.]
[2026-06-07 12:47:51,277: INFO: networksecurity: data_validation: Saving validated train and test files.]
[2026-06-07 12:47:51,835: INFO: networksecurity: data_validation: Data validation completed.]
[2026-06-07 12:47:51,835: INFO: networksecurity: training_pipeline: Start Data Transformation]
[2026-06-07 12:47:51,835: INFO: networksecurity: data_transformation: Entered initiate_data_transformation method of DataTransformation class]
[2026-06-07 12:47:51,846: INFO: networksecurity: data_transformation: Starting data transformation]
[2026-06-07 12:47:52,042: INFO: networksecurity: data_transformation: Entered get_data_transformer_object method of Transformation class]
[2026-06-07 12:47:52,042: INFO: networksecurity: data_transformation: Initialise KNNImputer with {'missing_values': nan, 'n_neighbors': 3, 'weights': 'uniform'}]
[2026-06-07 12:47:52,042: INFO: networksecurity: data_transformation: Applying transformer object on training and testing dataframes]
[2026-06-07 12:47:52,231: INFO: networksecurity: main_utils: Entered the save_object method of MainUtils class]
[2026-06-07 12:47:52,231: INFO: networksecurity: main_utils: Exited the save_object method of MainUtils class]
[2026-06-07 12:47:52,231: INFO: networksecurity: main_utils: Entered the save_object method of MainUtils class]
[2026-06-07 12:47:52,258: INFO: networksecurity: main_utils: Exited the save_object method of MainUtils class]
[2026-06-07 12:47:52,258: INFO: networksecurity: data_transformation: Preprocessing object and transformed arrays saved successfully]
[2026-06-07 12:47:52,261: INFO: networksecurity: training_pipeline: Start Model Trainer]
[2026-06-07 12:50:48,560: INFO: networksecurity: main_utils: Entered the save_object method of MainUtils class]
[2026-06-07 12:50:48,568: INFO: networksecurity: main_utils: Exited the save_object method of MainUtils class]
[2026-06-07 12:50:48,568: INFO: networksecurity: main_utils: Entered the save_object method of MainUtils class]
[2026-06-07 12:50:48,581: INFO: networksecurity: main_utils: Exited the save_object method of MainUtils class]
[2026-06-07 12:50:48,581: INFO: networksecurity: model_trainer: Best Model Found: Random Forest with Score: 0.9339888441146553]
[2026-06-07 18:02:27,509: INFO: httpx: _client: HTTP Request: GET https://dagshub.com/api/v1/user "HTTP/1.1 200 OK"]
[2026-06-07 18:02:27,589: INFO: dagshub: helpers: Accessing as mhmdrza9789]
[2026-06-07 18:02:29,667: INFO: httpx: _client: HTTP Request: GET https://dagshub.com/api/v1/repos/mhmdrza9789/networkSecurity "HTTP/1.1 200 OK"]
[2026-06-07 18:02:34,763: INFO: httpx: _client: HTTP Request: GET https://dagshub.com/api/v1/user "HTTP/1.1 200 OK"]
[2026-06-07 18:02:34,763: INFO: dagshub: helpers: Initialized MLflow to track repo "mhmdrza9789/networkSecurity"]
[2026-06-07 18:02:34,763: INFO: dagshub: helpers: Repository mhmdrza9789/networkSecurity initialized!]
[2026-06-07 18:02:34,978: ERROR: fastapi: utils: Form data requires "python-multipart" to be installed. 
You can install "python-multipart" with: 

pip install python-multipart
]
[2026-06-07 18:05:07,342: INFO: httpx: _client: HTTP Request: GET https://dagshub.com/api/v1/user "HTTP/1.1 200 OK"]
[2026-06-07 18:05:07,352: INFO: dagshub: helpers: Accessing as mhmdrza9789]
[2026-06-07 18:05:08,647: INFO: httpx: _client: HTTP Request: GET https://dagshub.com/api/v1/repos/mhmdrza9789/networkSecurity "HTTP/1.1 200 OK"]
[2026-06-07 18:05:09,678: INFO: httpx: _client: HTTP Request: GET https://dagshub.com/api/v1/user "HTTP/1.1 200 OK"]
[2026-06-07 18:05:09,680: INFO: dagshub: helpers: Initialized MLflow to track repo "mhmdrza9789/networkSecurity"]
[2026-06-07 18:05:09,682: INFO: dagshub: helpers: Repository mhmdrza9789/networkSecurity initialized!]
[2026-06-07 18:05:21,634: INFO: httpx: _client: HTTP Request: GET https://dagshub.com/api/v1/user "HTTP/1.1 200 OK"]
[2026-06-07 18:05:21,650: INFO: dagshub: helpers: Accessing as mhmdrza9789]
[2026-06-07 18:05:23,122: INFO: httpx: _client: HTTP Request: GET https://dagshub.com/api/v1/repos/mhmdrza9789/networkSecurity "HTTP/1.1 200 OK"]
[2026-06-07 18:05:24,195: INFO: httpx: _client: HTTP Request: GET https://dagshub.com/api/v1/user "HTTP/1.1 200 OK"]
[2026-06-07 18:05:24,195: INFO: dagshub: helpers: Initialized MLflow to track repo "mhmdrza9789/networkSecurity"]
[2026-06-07 18:05:24,195: INFO: dagshub: helpers: Repository mhmdrza9789/networkSecurity initialized!]
[2026-06-07 18:10:35,797: INFO: httpx: _client: HTTP Request: GET https://dagshub.com/api/v1/user "HTTP/1.1 200 OK"]
[2026-06-07 18:10:35,797: INFO: dagshub: helpers: Accessing as mhmdrza9789]
[2026-06-07 18:10:37,188: INFO: httpx: _client: HTTP Request: GET https://dagshub.com/api/v1/repos/mhmdrza9789/networkSecurity "HTTP/1.1 200 OK"]
[2026-06-07 18:10:38,798: INFO: httpx: _client: HTTP Request: GET https://dagshub.com/api/v1/user "HTTP/1.1 200 OK"]
[2026-06-07 18:10:38,798: INFO: dagshub: helpers: Initialized MLflow to track repo "mhmdrza9789/networkSecurity"]
[2026-06-07 18:10:38,798: INFO: dagshub: helpers: Repository mhmdrza9789/networkSecurity initialized!]
[2026-06-07 18:12:39,483: INFO: httpx: _client: HTTP Request: GET https://dagshub.com/api/v1/user "HTTP/1.1 200 OK"]
[2026-06-07 18:12:39,529: INFO: dagshub: helpers: Accessing as mhmdrza9789]
[2026-06-07 18:12:41,262: INFO: httpx: _client: HTTP Request: GET https://dagshub.com/api/v1/repos/mhmdrza9789/networkSecurity "HTTP/1.1 200 OK"]
[2026-06-07 18:12:45,007: INFO: httpx: _client: HTTP Request: GET https://dagshub.com/api/v1/user "HTTP/1.1 200 OK"]
[2026-06-07 18:12:45,011: INFO: dagshub: helpers: Initialized MLflow to track repo "mhmdrza9789/networkSecurity"]
[2026-06-07 18:12:45,013: INFO: dagshub: helpers: Repository mhmdrza9789/networkSecurity initialized!]
[2026-06-07 18:12:57,038: INFO: httpx: _client: HTTP Request: GET https://dagshub.com/api/v1/user "HTTP/1.1 200 OK"]
[2026-06-07 18:12:57,055: INFO: dagshub: helpers: Accessing as mhmdrza9789]
[2026-06-07 18:12:58,327: INFO: httpx: _client: HTTP Request: GET https://dagshub.com/api/v1/repos/mhmdrza9789/networkSecurity "HTTP/1.1 200 OK"]
[2026-06-07 18:12:59,818: INFO: httpx: _client: HTTP Request: GET https://dagshub.com/api/v1/user "HTTP/1.1 200 OK"]
[2026-06-07 18:12:59,824: INFO: dagshub: helpers: Initialized MLflow to track repo "mhmdrza9789/networkSecurity"]
[2026-06-07 18:12:59,826: INFO: dagshub: helpers: Repository mhmdrza9789/networkSecurity initialized!]
[2026-06-07 18:15:47,328: INFO: httpx: _client: HTTP Request: GET https://dagshub.com/api/v1/user "HTTP/1.1 200 OK"]
[2026-06-07 18:15:47,368: INFO: dagshub: helpers: Accessing as mhmdrza9789]
[2026-06-07 18:15:48,948: INFO: httpx: _client: HTTP Request: GET https://dagshub.com/api/v1/repos/mhmdrza9789/networkSecurity "HTTP/1.1 200 OK"]
[2026-06-07 18:15:50,357: INFO: httpx: _client: HTTP Request: GET https://dagshub.com/api/v1/user "HTTP/1.1 200 OK"]
[2026-06-07 18:15:50,357: INFO: dagshub: helpers: Initialized MLflow to track repo "mhmdrza9789/networkSecurity"]
[2026-06-07 18:15:50,357: INFO: dagshub: helpers: Repository mhmdrza9789/networkSecurity initialized!]
[2026-06-07 18:16:06,873: INFO: httpx: _client: HTTP Request: GET https://dagshub.com/api/v1/user "HTTP/1.1 200 OK"]
[2026-06-07 18:16:06,891: INFO: dagshub: helpers: Accessing as mhmdrza9789]
[2026-06-07 18:16:08,310: INFO: httpx: _client: HTTP Request: GET https://dagshub.com/api/v1/repos/mhmdrza9789/networkSecurity "HTTP/1.1 200 OK"]
[2026-06-07 18:16:09,735: INFO: httpx: _client: HTTP Request: GET https://dagshub.com/api/v1/user "HTTP/1.1 200 OK"]
[2026-06-07 18:16:09,735: INFO: dagshub: helpers: Initialized MLflow to track repo "mhmdrza9789/networkSecurity"]
[2026-06-07 18:16:09,735: INFO: dagshub: helpers: Repository mhmdrza9789/networkSecurity initialized!]
[2026-06-07 18:16:19,216: INFO: httpx: _client: HTTP Request: GET https://dagshub.com/api/v1/user "HTTP/1.1 200 OK"]
[2026-06-07 18:16:19,216: INFO: dagshub: helpers: Accessing as mhmdrza9789]
[2026-06-07 18:16:20,699: INFO: httpx: _client: HTTP Request: GET https://dagshub.com/api/v1/repos/mhmdrza9789/networkSecurity "HTTP/1.1 200 OK"]
[2026-06-07 18:16:22,173: INFO: httpx: _client: HTTP Request: GET https://dagshub.com/api/v1/user "HTTP/1.1 200 OK"]
[2026-06-07 18:16:22,173: INFO: dagshub: helpers: Initialized MLflow to track repo "mhmdrza9789/networkSecurity"]
[2026-06-07 18:16:22,179: INFO: dagshub: helpers: Repository mhmdrza9789/networkSecurity initialized!]
[2026-06-07 18:21:00,269: INFO: httpx: _client: HTTP Request: GET https://dagshub.com/api/v1/user "HTTP/1.1 200 OK"]
[2026-06-07 18:21:00,297: INFO: dagshub: helpers: Accessing as mhmdrza9789]
[2026-06-07 18:21:01,712: INFO: httpx: _client: HTTP Request: GET https://dagshub.com/api/v1/repos/mhmdrza9789/networkSecurity "HTTP/1.1 200 OK"]
[2026-06-07 18:21:03,273: INFO: httpx: _client: HTTP Request: GET https://dagshub.com/api/v1/user "HTTP/1.1 200 OK"]
[2026-06-07 18:21:03,273: INFO: dagshub: helpers: Initialized MLflow to track repo "mhmdrza9789/networkSecurity"]
[2026-06-07 18:21:03,286: INFO: dagshub: helpers: Repository mhmdrza9789/networkSecurity initialized!]
[2026-06-07 18:22:02,150: INFO: httpx: _client: HTTP Request: GET https://dagshub.com/api/v1/user "HTTP/1.1 200 OK"]
[2026-06-07 18:22:02,170: INFO: dagshub: helpers: Accessing as mhmdrza9789]
[2026-06-07 18:22:03,500: INFO: httpx: _client: HTTP Request: GET https://dagshub.com/api/v1/repos/mhmdrza9789/networkSecurity "HTTP/1.1 200 OK"]
[2026-06-07 18:22:04,841: INFO: httpx: _client: HTTP Request: GET https://dagshub.com/api/v1/user "HTTP/1.1 200 OK"]
[2026-06-07 18:22:04,843: INFO: dagshub: helpers: Initialized MLflow to track repo "mhmdrza9789/networkSecurity"]
[2026-06-07 18:22:04,843: INFO: dagshub: helpers: Repository mhmdrza9789/networkSecurity initialized!]
[2026-06-07 18:22:15,534: INFO: httpx: _client: HTTP Request: GET https://dagshub.com/api/v1/user "HTTP/1.1 200 OK"]
[2026-06-07 18:22:15,542: INFO: dagshub: helpers: Accessing as mhmdrza9789]
[2026-06-07 18:22:17,104: INFO: httpx: _client: HTTP Request: GET https://dagshub.com/api/v1/repos/mhmdrza9789/networkSecurity "HTTP/1.1 200 OK"]
[2026-06-07 18:22:18,424: INFO: httpx: _client: HTTP Request: GET https://dagshub.com/api/v1/user "HTTP/1.1 200 OK"]
[2026-06-07 18:22:18,424: INFO: dagshub: helpers: Initialized MLflow to track repo "mhmdrza9789/networkSecurity"]
[2026-06-07 18:22:18,424: INFO: dagshub: helpers: Repository mhmdrza9789/networkSecurity initialized!]
[2026-06-07 18:25:11,371: INFO: httpx: _client: HTTP Request: GET https://dagshub.com/api/v1/user "HTTP/1.1 200 OK"]
[2026-06-07 18:25:11,371: INFO: dagshub: helpers: Accessing as mhmdrza9789]
[2026-06-07 18:25:16,270: INFO: httpx: _client: HTTP Request: GET https://dagshub.com/api/v1/repos/mhmdrza9789/networkSecurity "HTTP/1.1 200 OK"]
[2026-06-07 18:25:17,351: INFO: httpx: _client: HTTP Request: GET https://dagshub.com/api/v1/user "HTTP/1.1 200 OK"]
[2026-06-07 18:25:17,351: INFO: dagshub: helpers: Initialized MLflow to track repo "mhmdrza9789/networkSecurity"]
[2026-06-07 18:25:17,351: INFO: dagshub: helpers: Repository mhmdrza9789/networkSecurity initialized!]
[2026-06-07 18:25:35,454: INFO: httpx: _client: HTTP Request: GET https://dagshub.com/api/v1/user "HTTP/1.1 200 OK"]
[2026-06-07 18:25:35,477: INFO: dagshub: helpers: Accessing as mhmdrza9789]
[2026-06-07 18:25:36,838: INFO: httpx: _client: HTTP Request: GET https://dagshub.com/api/v1/repos/mhmdrza9789/networkSecurity "HTTP/1.1 200 OK"]
[2026-06-07 18:25:38,345: INFO: httpx: _client: HTTP Request: GET https://dagshub.com/api/v1/user "HTTP/1.1 200 OK"]
[2026-06-07 18:25:38,349: INFO: dagshub: helpers: Initialized MLflow to track repo "mhmdrza9789/networkSecurity"]
[2026-06-07 18:25:38,349: INFO: dagshub: helpers: Repository mhmdrza9789/networkSecurity initialized!]
[2026-06-07 18:28:50,019: INFO: httpx: _client: HTTP Request: GET https://dagshub.com/api/v1/user "HTTP/1.1 200 OK"]
[2026-06-07 18:28:50,030: INFO: dagshub: helpers: Accessing as mhmdrza9789]
[2026-06-07 18:28:58,448: INFO: httpx: _client: HTTP Request: GET https://dagshub.com/api/v1/repos/mhmdrza9789/networkSecurity "HTTP/1.1 200 OK"]
[2026-06-07 18:28:59,735: INFO: httpx: _client: HTTP Request: GET https://dagshub.com/api/v1/user "HTTP/1.1 200 OK"]
[2026-06-07 18:28:59,750: INFO: dagshub: helpers: Initialized MLflow to track repo "mhmdrza9789/networkSecurity"]
[2026-06-07 18:28:59,750: INFO: dagshub: helpers: Repository mhmdrza9789/networkSecurity initialized!]
[2026-06-07 18:29:10,459: INFO: httpx: _client: HTTP Request: GET https://dagshub.com/api/v1/user "HTTP/1.1 200 OK"]
[2026-06-07 18:29:10,467: INFO: dagshub: helpers: Accessing as mhmdrza9789]
[2026-06-07 18:29:11,925: INFO: httpx: _client: HTTP Request: GET https://dagshub.com/api/v1/repos/mhmdrza9789/networkSecurity "HTTP/1.1 200 OK"]
[2026-06-07 18:29:13,924: INFO: httpx: _client: HTTP Request: GET https://dagshub.com/api/v1/user "HTTP/1.1 200 OK"]
[2026-06-07 18:29:13,924: INFO: dagshub: helpers: Initialized MLflow to track repo "mhmdrza9789/networkSecurity"]
[2026-06-07 18:29:13,924: INFO: dagshub: helpers: Repository mhmdrza9789/networkSecurity initialized!]
[2026-06-07 18:32:29,169: INFO: httpx: _client: HTTP Request: GET https://dagshub.com/api/v1/user "HTTP/1.1 200 OK"]
[2026-06-07 18:32:29,749: INFO: dagshub: helpers: Accessing as mhmdrza9789]
[2026-06-07 18:32:33,875: INFO: httpx: _client: HTTP Request: GET https://dagshub.com/api/v1/repos/mhmdrza9789/networkSecurity "HTTP/1.1 200 OK"]
[2026-06-07 18:32:37,132: INFO: httpx: _client: HTTP Request: GET https://dagshub.com/api/v1/user "HTTP/1.1 200 OK"]
[2026-06-07 18:32:37,132: INFO: dagshub: helpers: Initialized MLflow to track repo "mhmdrza9789/networkSecurity"]
[2026-06-07 18:32:37,132: INFO: dagshub: helpers: Repository mhmdrza9789/networkSecurity initialized!]
[2026-06-07 18:33:27,924: INFO: httpx: _client: HTTP Request: GET https://dagshub.com/api/v1/user "HTTP/1.1 200 OK"]
[2026-06-07 18:33:27,924: INFO: dagshub: helpers: Accessing as mhmdrza9789]
[2026-06-07 18:33:29,062: INFO: httpx: _client: HTTP Request: GET https://dagshub.com/api/v1/repos/mhmdrza9789/networkSecurity "HTTP/1.1 200 OK"]
[2026-06-07 18:33:37,924: INFO: httpx: _client: HTTP Request: GET https://dagshub.com/api/v1/user "HTTP/1.1 200 OK"]
[2026-06-07 18:33:37,924: INFO: dagshub: helpers: Initialized MLflow to track repo "mhmdrza9789/networkSecurity"]
[2026-06-07 18:33:37,924: INFO: dagshub: helpers: Repository mhmdrza9789/networkSecurity initialized!]
[2026-06-07 18:33:50,322: INFO: httpx: _client: HTTP Request: GET https://dagshub.com/api/v1/user "HTTP/1.1 200 OK"]
[2026-06-07 18:33:50,336: INFO: dagshub: helpers: Accessing as mhmdrza9789]
[2026-06-07 18:33:51,774: INFO: httpx: _client: HTTP Request: GET https://dagshub.com/api/v1/repos/mhmdrza9789/networkSecurity "HTTP/1.1 200 OK"]
[2026-06-07 18:33:53,163: INFO: httpx: _client: HTTP Request: GET https://dagshub.com/api/v1/user "HTTP/1.1 200 OK"]
[2026-06-07 18:33:53,163: INFO: dagshub: helpers: Initialized MLflow to track repo "mhmdrza9789/networkSecurity"]
[2026-06-07 18:33:53,163: INFO: dagshub: helpers: Repository mhmdrza9789/networkSecurity initialized!]
